TN:
SF:src\server.ts
FNF:0
FNH:0
DA:1,1
DA:3,1
DA:5,1
DA:7,1
DA:8,1
DA:9,1
DA:11,1
LF:7
LH:7
BRF:0
BRH:0
end_of_record
TN:
SF:src\routes\index.ts
FN:4,getRoutes
FNF:1
FNH:1
FNDA:1,getRoutes
DA:1,1
DA:2,1
DA:5,1
DA:8,1
DA:10,1
DA:13,1
LF:6
LH:6
BRF:0
BRH:0
end_of_record
TN:
SF:src\routes\link.ts
FN:7,getLinkGeneratorRoutes
FN:20,createShortLink
FN:51,redirectToShortLink
FN:67,errorResponse
FN:77,createdResponse
FNF:5
FNH:5
FNDA:1,getLinkGeneratorRoutes
FNDA:3,createShortLink
FNDA:2,redirectToShortLink
FNDA:2,errorResponse
FNDA:1,createdResponse
DA:1,1
DA:2,1
DA:3,1
DA:5,1
DA:8,1
DA:10,1
DA:15,1
DA:17,1
DA:21,3
DA:23,3
DA:25,3
DA:26,1
DA:29,2
DA:30,2
DA:40,1
DA:41,1
DA:44,0
DA:48,1
DA:52,2
DA:54,2
DA:60,2
DA:61,1
DA:64,1
DA:68,2
DA:78,1
DA:90,1
LF:26
LH:25
BRDA:25,0,0,1
BRDA:40,1,0,1
BRDA:40,1,1,0
BRDA:40,2,0,1
BRDA:40,2,1,1
BRDA:60,3,0,1
BRF:6
BRH:5
end_of_record
